facemesh/build/intermediates/manifest_merge_blame_file/debug/manifest-merger-blame-debug-report.txt
1<?xml version="1.0" encoding="utf-8"?>
2<manifest xmlns:android="http://schemas.android.com/apk/res/android"
3    package="com.google.mediapipe.apps.facemesh"
4    android:versionCode="1"
5    android:versionName="1.0" >
6
7    <uses-sdk
7-->src\main\AndroidManifest.xml:5:5-7:41
8        android:minSdkVersion="21"
8-->src\main\AndroidManifest.xml:6:9-35
9        android:targetSdkVersion="31" />
9-->src\main\AndroidManifest.xml:7:9-38
10    <!-- For loading images from gallery -->
11    <uses-permission android:name="android.permission.READ_EXTERNAL_STORAGE" /> <!-- For using the camera -->
11-->src\main\AndroidManifest.xml:9:5-80
11-->src\main\AndroidManifest.xml:9:22-77
12    <uses-permission android:name="android.permission.CAMERA" />
12-->src\main\AndroidManifest.xml:10:5-65
12-->src\main\AndroidManifest.xml:10:22-62
13
14    <uses-feature android:name="android.hardware.camera" /> <!-- For logging solution events -->
14-->src\main\AndroidManifest.xml:12:5-60
14-->src\main\AndroidManifest.xml:12:19-57
15    <uses-permission android:name="android.permission.INTERNET" />
15-->src\main\AndroidManifest.xml:13:5-67
15-->src\main\AndroidManifest.xml:13:22-64
16    <uses-permission android:name="android.permission.ACCESS_NETWORK_STATE" />
16-->src\main\AndroidManifest.xml:14:5-79
16-->src\main\AndroidManifest.xml:14:22-76
17
18    <application
18-->src\main\AndroidManifest.xml:16:5-66:19
19        android:name="com.google.mediapipe.examples.facemesh.GlobalVariable"
19-->src\main\AndroidManifest.xml:17:9-39
20        android:allowBackup="true"
20-->src\main\AndroidManifest.xml:18:9-35
21        android:appComponentFactory="androidx.core.app.CoreComponentFactory"
21-->[androidx.core:core:1.5.0] AndroidManifest.xml:24:18-86
22        android:debuggable="true"
23        android:icon="@mipmap/ic_launcher"
23-->src\main\AndroidManifest.xml:19:9-43
24        android:label="Acupoint Detection"
24-->src\main\AndroidManifest.xml:20:9-43
25        android:roundIcon="@mipmap/ic_launcher_round"
25-->src\main\AndroidManifest.xml:21:9-54
26        android:supportsRtl="true"
26-->src\main\AndroidManifest.xml:22:9-35
27        android:testOnly="true"
28        android:theme="@style/AppTheme" >
28-->src\main\AndroidManifest.xml:23:9-40
29        <activity
29-->src\main\AndroidManifest.xml:24:9-26:40
30            android:name="com.google.mediapipe.examples.facemesh.DiagnosisActivity"
30-->src\main\AndroidManifest.xml:25:13-84
31            android:exported="false" />
31-->src\main\AndroidManifest.xml:26:13-37
32        <activity
32-->src\main\AndroidManifest.xml:27:9-30:83
33            android:name="com.google.mediapipe.examples.facemesh.CameraActivity"
33-->src\main\AndroidManifest.xml:28:13-81
34            android:exported="false"
34-->src\main\AndroidManifest.xml:29:13-37
35            android:theme="@style/Theme.AppCompat.Light.NoActionBar.FullScreen" />
35-->src\main\AndroidManifest.xml:30:13-80
36        <!--
37        <activity
38            android:name=".LearningActivity"
39            android:exported="false"
40            android:label="@string/title_activity_learning"
41            android:theme="@style/AppTheme.NoActionBar" >
42            <intent-filter>
43                <action android:name="android.intent.action.MAIN" />
44                <category android:name="android.intent.category.LAUNCHER" />
45            </intent-filter>
46        />
47        -->
48        <activity
48-->src\main\AndroidManifest.xml:43:9-51:20
49            android:name="com.google.mediapipe.examples.facemesh.MenuActivity"
49-->src\main\AndroidManifest.xml:44:13-79
50            android:exported="true" >
50-->src\main\AndroidManifest.xml:45:13-36
51            <intent-filter>
51-->src\main\AndroidManifest.xml:46:13-50:29
52                <action android:name="android.intent.action.MAIN" />
52-->src\main\AndroidManifest.xml:47:17-69
52-->src\main\AndroidManifest.xml:47:25-66
53
54                <category android:name="android.intent.category.LAUNCHER" />
54-->src\main\AndroidManifest.xml:49:17-77
54-->src\main\AndroidManifest.xml:49:27-74
55            </intent-filter>
56        </activity>
57        <activity
57-->src\main\AndroidManifest.xml:52:9-54:52
58            android:name="com.google.mediapipe.examples.facemesh.MainActivity"
58-->src\main\AndroidManifest.xml:53:13-79
59            android:screenOrientation="portrait" />
59-->src\main\AndroidManifest.xml:54:13-49
60        <!--
61<intent-filter>
62                <action android:name="android.intent.action.MAIN" />
63                <category android:name="android.intent.category.LAUNCHER" />
64            </intent-filter>
65        -->
66        <!-- </activity> -->
67        <activity
67-->src\main\AndroidManifest.xml:62:9-65:59
68            android:name="com.google.mediapipe.examples.facemesh.LearningActivity"
68-->src\main\AndroidManifest.xml:63:13-83
69            android:exported="false"
69-->src\main\AndroidManifest.xml:64:13-37
70            android:theme="@style/AppTheme.NoActionBar" />
70-->src\main\AndroidManifest.xml:65:13-56
71
72        <uses-library
72-->[androidx.window:window:1.0.0] AndroidManifest.xml:25:9-27:40
73            android:name="androidx.window.extensions"
73-->[androidx.window:window:1.0.0] AndroidManifest.xml:26:13-54
74            android:required="false" />
74-->[androidx.window:window:1.0.0] AndroidManifest.xml:27:13-37
75        <uses-library
75-->[androidx.window:window:1.0.0] AndroidManifest.xml:28:9-30:40
76            android:name="androidx.window.sidecar"
76-->[androidx.window:window:1.0.0] AndroidManifest.xml:29:13-51
77            android:required="false" />
77-->[androidx.window:window:1.0.0] AndroidManifest.xml:30:13-37
78
79        <service
79-->[com.google.android.datatransport:transport-backend-cct:3.1.0] AndroidManifest.xml:29:9-35:19
80            android:name="com.google.android.datatransport.runtime.backends.TransportBackendDiscovery"
80-->[com.google.android.datatransport:transport-backend-cct:3.1.0] AndroidManifest.xml:30:13-103
81            android:exported="false" >
81-->[com.google.android.datatransport:transport-backend-cct:3.1.0] AndroidManifest.xml:31:13-37
82            <meta-data
82-->[com.google.android.datatransport:transport-backend-cct:3.1.0] AndroidManifest.xml:32:13-34:39
83                android:name="backend:com.google.android.datatransport.cct.CctBackendFactory"
83-->[com.google.android.datatransport:transport-backend-cct:3.1.0] AndroidManifest.xml:33:17-94
84                android:value="cct" />
84-->[com.google.android.datatransport:transport-backend-cct:3.1.0] AndroidManifest.xml:34:17-36
85        </service>
86        <service
86-->[com.google.android.datatransport:transport-runtime:3.1.0] AndroidManifest.xml:26:9-30:19
87            android:name="com.google.android.datatransport.runtime.scheduling.jobscheduling.JobInfoSchedulerService"
87-->[com.google.android.datatransport:transport-runtime:3.1.0] AndroidManifest.xml:27:13-117
88            android:exported="false"
88-->[com.google.android.datatransport:transport-runtime:3.1.0] AndroidManifest.xml:28:13-37
89            android:permission="android.permission.BIND_JOB_SERVICE" >
89-->[com.google.android.datatransport:transport-runtime:3.1.0] AndroidManifest.xml:29:13-69
90        </service>
91
92        <receiver
92-->[com.google.android.datatransport:transport-runtime:3.1.0] AndroidManifest.xml:32:9-34:40
93            android:name="com.google.android.datatransport.runtime.scheduling.jobscheduling.AlarmManagerSchedulerBroadcastReceiver"
93-->[com.google.android.datatransport:transport-runtime:3.1.0] AndroidManifest.xml:33:13-132
94            android:exported="false" />
94-->[com.google.android.datatransport:transport-runtime:3.1.0] AndroidManifest.xml:34:13-37
95    </application>
96
97</manifest>